PinWiGradle/PinWiDemo/build/outputs/logs/manifest-merger-debug-report.txt
-- Merging decision tree log ---
manifest
ADDED from PinWiGradle\PinWiDemo\AndroidManifest.xml:2:1-358:12
	package
		ADDED from PinWiGradle\PinWiDemo\AndroidManifest.xml:3:5-34
		INJECTED from PinWiGradle\PinWiDemo\AndroidManifest.xml
		INJECTED from PinWiGradle\PinWiDemo\AndroidManifest.xml
	android:versionName
		ADDED from PinWiGradle\PinWiDemo\AndroidManifest.xml:5:5-30
		INJECTED from PinWiGradle\PinWiDemo\AndroidManifest.xml
		INJECTED from PinWiGradle\PinWiDemo\AndroidManifest.xml
	android:versionCode
		ADDED from PinWiGradle\PinWiDemo\AndroidManifest.xml:4:5-29
		INJECTED from PinWiGradle\PinWiDemo\AndroidManifest.xml
		INJECTED from PinWiGradle\PinWiDemo\AndroidManifest.xml
	xmlns:android
		ADDED from PinWiGradle\PinWiDemo\AndroidManifest.xml:2:11-69
uses-sdk
ADDED from PinWiGradle\PinWiDemo\AndroidManifest.xml:7:5-9:41
MERGED from [PinWiGradle:android-support-v7-appcompat:unspecified] AndroidManifest.xml:20:5-43
MERGED from [PinWiGradle:MPChartLib:unspecified] AndroidManifest.xml:7:5-9:41
MERGED from [com.google.android.gms:play-services-gcm:10.0.1] AndroidManifest.xml:17:5-42
MERGED from [com.google.android.gms:play-services-base:10.0.1] AndroidManifest.xml:17:5-42
MERGED from [com.google.android.gms:play-services-basement:10.0.1] AndroidManifest.xml:17:5-42
MERGED from [com.android.support:support-v4:24.0.0] AndroidManifest.xml:21:5-23:54
MERGED from [com.google.android.gms:play-services-tasks:10.0.1] AndroidManifest.xml:3:5-42
MERGED from [com.google.android.gms:play-services-basement:10.0.1] AndroidManifest.xml:17:5-42
MERGED from [com.android.support:support-v4:24.0.0] AndroidManifest.xml:21:5-23:54
MERGED from [com.google.android.gms:play-services-basement:10.0.1] AndroidManifest.xml:17:5-42
MERGED from [com.android.support:support-v4:24.0.0] AndroidManifest.xml:21:5-23:54
MERGED from [com.google.android.gms:play-services-iid:10.0.1] AndroidManifest.xml:17:5-42
MERGED from [com.google.android.gms:play-services-base:10.0.1] AndroidManifest.xml:17:5-42
MERGED from [com.google.android.gms:play-services-basement:10.0.1] AndroidManifest.xml:17:5-42
MERGED from [com.android.support:support-v4:24.0.0] AndroidManifest.xml:21:5-23:54
MERGED from [com.google.android.gms:play-services-tasks:10.0.1] AndroidManifest.xml:3:5-42
MERGED from [com.google.android.gms:play-services-basement:10.0.1] AndroidManifest.xml:17:5-42
MERGED from [com.android.support:support-v4:24.0.0] AndroidManifest.xml:21:5-23:54
MERGED from [com.google.android.gms:play-services-basement:10.0.1] AndroidManifest.xml:17:5-42
MERGED from [com.android.support:support-v4:24.0.0] AndroidManifest.xml:21:5-23:54
MERGED from [com.google.android.gms:play-services-analytics:10.0.1] AndroidManifest.xml:17:5-42
MERGED from [com.google.android.gms:play-services-analytics-impl:10.0.1] AndroidManifest.xml:17:5-42
MERGED from [com.google.android.gms:play-services-base:10.0.1] AndroidManifest.xml:17:5-42
MERGED from [com.google.android.gms:play-services-basement:10.0.1] AndroidManifest.xml:17:5-42
MERGED from [com.android.support:support-v4:24.0.0] AndroidManifest.xml:21:5-23:54
MERGED from [com.google.android.gms:play-services-tasks:10.0.1] AndroidManifest.xml:3:5-42
MERGED from [com.google.android.gms:play-services-basement:10.0.1] AndroidManifest.xml:17:5-42
MERGED from [com.android.support:support-v4:24.0.0] AndroidManifest.xml:21:5-23:54
MERGED from [com.google.android.gms:play-services-basement:10.0.1] AndroidManifest.xml:17:5-42
MERGED from [com.android.support:support-v4:24.0.0] AndroidManifest.xml:21:5-23:54
MERGED from [com.google.android.gms:play-services-base:10.0.1] AndroidManifest.xml:17:5-42
MERGED from [com.google.android.gms:play-services-basement:10.0.1] AndroidManifest.xml:17:5-42
MERGED from [com.android.support:support-v4:24.0.0] AndroidManifest.xml:21:5-23:54
MERGED from [com.google.android.gms:play-services-tasks:10.0.1] AndroidManifest.xml:3:5-42
MERGED from [com.google.android.gms:play-services-basement:10.0.1] AndroidManifest.xml:17:5-42
MERGED from [com.android.support:support-v4:24.0.0] AndroidManifest.xml:21:5-23:54
MERGED from [com.google.android.gms:play-services-basement:10.0.1] AndroidManifest.xml:17:5-42
MERGED from [com.android.support:support-v4:24.0.0] AndroidManifest.xml:21:5-23:54
MERGED from [com.google.android.gms:play-services-tagmanager-v4-impl:10.0.1] AndroidManifest.xml:17:5-42
MERGED from [com.google.android.gms:play-services-analytics-impl:10.0.1] AndroidManifest.xml:17:5-42
MERGED from [com.google.android.gms:play-services-base:10.0.1] AndroidManifest.xml:17:5-42
MERGED from [com.google.android.gms:play-services-basement:10.0.1] AndroidManifest.xml:17:5-42
MERGED from [com.android.support:support-v4:24.0.0] AndroidManifest.xml:21:5-23:54
MERGED from [com.google.android.gms:play-services-tasks:10.0.1] AndroidManifest.xml:3:5-42
MERGED from [com.google.android.gms:play-services-basement:10.0.1] AndroidManifest.xml:17:5-42
MERGED from [com.android.support:support-v4:24.0.0] AndroidManifest.xml:21:5-23:54
MERGED from [com.google.android.gms:play-services-basement:10.0.1] AndroidManifest.xml:17:5-42
MERGED from [com.android.support:support-v4:24.0.0] AndroidManifest.xml:21:5-23:54
MERGED from [com.google.android.gms:play-services-base:10.0.1] AndroidManifest.xml:17:5-42
MERGED from [com.google.android.gms:play-services-basement:10.0.1] AndroidManifest.xml:17:5-42
MERGED from [com.android.support:support-v4:24.0.0] AndroidManifest.xml:21:5-23:54
MERGED from [com.google.android.gms:play-services-tasks:10.0.1] AndroidManifest.xml:3:5-42
MERGED from [com.google.android.gms:play-services-basement:10.0.1] AndroidManifest.xml:17:5-42
MERGED from [com.android.support:support-v4:24.0.0] AndroidManifest.xml:21:5-23:54
MERGED from [com.google.android.gms:play-services-basement:10.0.1] AndroidManifest.xml:17:5-42
MERGED from [com.android.support:support-v4:24.0.0] AndroidManifest.xml:21:5-23:54
MERGED from [com.google.firebase:firebase-core:10.0.1] AndroidManifest.xml:4:5-42
MERGED from [com.google.firebase:firebase-analytics:10.0.1] AndroidManifest.xml:17:5-42
MERGED from [com.google.android.gms:play-services-basement:10.0.1] AndroidManifest.xml:17:5-42
MERGED from [com.android.support:support-v4:24.0.0] AndroidManifest.xml:21:5-23:54
MERGED from [com.google.firebase:firebase-common:10.0.1] AndroidManifest.xml:3:5-42
MERGED from [com.google.android.gms:play-services-basement:10.0.1] AndroidManifest.xml:17:5-42
MERGED from [com.android.support:support-v4:24.0.0] AndroidManifest.xml:21:5-23:54
MERGED from [com.google.android.gms:play-services-tasks:10.0.1] AndroidManifest.xml:3:5-42
MERGED from [com.google.android.gms:play-services-basement:10.0.1] AndroidManifest.xml:17:5-42
MERGED from [com.android.support:support-v4:24.0.0] AndroidManifest.xml:21:5-23:54
MERGED from [com.google.firebase:firebase-analytics-impl:10.0.1] AndroidManifest.xml:17:5-42
MERGED from [com.google.android.gms:play-services-basement:10.0.1] AndroidManifest.xml:17:5-42
MERGED from [com.android.support:support-v4:24.0.0] AndroidManifest.xml:21:5-23:54
MERGED from [com.google.firebase:firebase-iid:10.0.1] AndroidManifest.xml:17:5-42
MERGED from [com.google.android.gms:play-services-basement:10.0.1] AndroidManifest.xml:17:5-42
MERGED from [com.android.support:support-v4:24.0.0] AndroidManifest.xml:21:5-23:54
MERGED from [com.google.firebase:firebase-common:10.0.1] AndroidManifest.xml:3:5-42
MERGED from [com.google.android.gms:play-services-basement:10.0.1] AndroidManifest.xml:17:5-42
MERGED from [com.android.support:support-v4:24.0.0] AndroidManifest.xml:21:5-23:54
MERGED from [com.google.android.gms:play-services-tasks:10.0.1] AndroidManifest.xml:3:5-42
MERGED from [com.google.android.gms:play-services-basement:10.0.1] AndroidManifest.xml:17:5-42
MERGED from [com.android.support:support-v4:24.0.0] AndroidManifest.xml:21:5-23:54
MERGED from [com.google.firebase:firebase-common:10.0.1] AndroidManifest.xml:3:5-42
MERGED from [com.google.android.gms:play-services-basement:10.0.1] AndroidManifest.xml:17:5-42
MERGED from [com.android.support:support-v4:24.0.0] AndroidManifest.xml:21:5-23:54
MERGED from [com.google.android.gms:play-services-tasks:10.0.1] AndroidManifest.xml:3:5-42
MERGED from [com.google.android.gms:play-services-basement:10.0.1] AndroidManifest.xml:17:5-42
MERGED from [com.android.support:support-v4:24.0.0] AndroidManifest.xml:21:5-23:54
MERGED from [com.facebook.android:facebook-android-sdk:4.0.0] AndroidManifest.xml:24:5-26:41
MERGED from [com.android.support:support-v4:24.0.0] AndroidManifest.xml:21:5-23:54
MERGED from [com.clevertap.android:clevertap-android-sdk:3.1.2] AndroidManifest.xml:7:5-9:41
MERGED from [com.android.support:support-v4:24.0.0] AndroidManifest.xml:21:5-23:54
	tools:overrideLibrary
		ADDED from [com.android.support:support-v4:24.0.0] AndroidManifest.xml:23:9-51
	android:targetSdkVersion
		ADDED from PinWiGradle\PinWiDemo\AndroidManifest.xml:9:9-38
		INJECTED from PinWiGradle\PinWiDemo\AndroidManifest.xml
		INJECTED from PinWiGradle\PinWiDemo\AndroidManifest.xml
	android:minSdkVersion
		ADDED from PinWiGradle\PinWiDemo\AndroidManifest.xml:8:9-35
		INJECTED from PinWiGradle\PinWiDemo\AndroidManifest.xml
		INJECTED from PinWiGradle\PinWiDemo\AndroidManifest.xml
uses-permission#com.android.launcher.action.INSTALL_SHORTCUT
ADDED from PinWiGradle\PinWiDemo\AndroidManifest.xml:12:5-84
	android:name
		ADDED from PinWiGradle\PinWiDemo\AndroidManifest.xml:12:22-81
uses-permission#com.android.launcher.permission.UNINSTALL_SHORTCUT
ADDED from PinWiGradle\PinWiDemo\AndroidManifest.xml:13:5-90
	android:name
		ADDED from PinWiGradle\PinWiDemo\AndroidManifest.xml:13:22-87
uses-permission#android.permission.READ_PHONE_STATE
ADDED from PinWiGradle\PinWiDemo\AndroidManifest.xml:14:5-75
	android:name
		ADDED from PinWiGradle\PinWiDemo\AndroidManifest.xml:14:22-72
uses-permission#com.sec.android.provider.badge.permission.READ
ADDED from PinWiGradle\PinWiDemo\AndroidManifest.xml:16:5-86
	android:name
		ADDED from PinWiGradle\PinWiDemo\AndroidManifest.xml:16:22-83
uses-permission#com.sec.android.provider.badge.permission.WRITE
ADDED from PinWiGradle\PinWiDemo\AndroidManifest.xml:17:5-87
	android:name
		ADDED from PinWiGradle\PinWiDemo\AndroidManifest.xml:17:22-84
uses-permission#com.htc.launcher.permission.READ_SETTINGS
ADDED from PinWiGradle\PinWiDemo\AndroidManifest.xml:20:5-81
	android:name
		ADDED from PinWiGradle\PinWiDemo\AndroidManifest.xml:20:22-78
uses-permission#com.htc.launcher.permission.UPDATE_SHORTCUT
ADDED from PinWiGradle\PinWiDemo\AndroidManifest.xml:21:5-83
	android:name
		ADDED from PinWiGradle\PinWiDemo\AndroidManifest.xml:21:22-80
uses-permission#com.sonyericsson.home.permission.BROADCAST_BADGE
ADDED from PinWiGradle\PinWiDemo\AndroidManifest.xml:24:5-88
	android:name
		ADDED from PinWiGradle\PinWiDemo\AndroidManifest.xml:24:22-85
uses-permission#com.sonymobile.home.permission.PROVIDER_INSERT_BADGE
ADDED from PinWiGradle\PinWiDemo\AndroidManifest.xml:25:5-92
	android:name
		ADDED from PinWiGradle\PinWiDemo\AndroidManifest.xml:25:22-89
uses-permission#com.anddoes.launcher.permission.UPDATE_COUNT
ADDED from PinWiGradle\PinWiDemo\AndroidManifest.xml:28:5-84
	android:name
		ADDED from PinWiGradle\PinWiDemo\AndroidManifest.xml:28:22-81
uses-permission#com.majeur.launcher.permission.UPDATE_BADGE
ADDED from PinWiGradle\PinWiDemo\AndroidManifest.xml:31:5-83
	android:name
		ADDED from PinWiGradle\PinWiDemo\AndroidManifest.xml:31:22-80
uses-permission#com.huawei.android.launcher.permission.CHANGE_BADGE
ADDED from PinWiGradle\PinWiDemo\AndroidManifest.xml:34:5-91
	android:name
		ADDED from PinWiGradle\PinWiDemo\AndroidManifest.xml:34:22-88
uses-permission#com.huawei.android.launcher.permission.READ_SETTINGS
ADDED from PinWiGradle\PinWiDemo\AndroidManifest.xml:35:5-92
	android:name
		ADDED from PinWiGradle\PinWiDemo\AndroidManifest.xml:35:22-89
uses-permission#com.huawei.android.launcher.permission.WRITE_SETTINGS
ADDED from PinWiGradle\PinWiDemo\AndroidManifest.xml:36:5-93
	android:name
		ADDED from PinWiGradle\PinWiDemo\AndroidManifest.xml:36:22-90
uses-permission#android.permission.READ_APP_BADGE
ADDED from PinWiGradle\PinWiDemo\AndroidManifest.xml:39:5-73
	android:name
		ADDED from PinWiGradle\PinWiDemo\AndroidManifest.xml:39:22-70
uses-permission#com.oppo.launcher.permission.READ_SETTINGS
ADDED from PinWiGradle\PinWiDemo\AndroidManifest.xml:42:5-82
	android:name
		ADDED from PinWiGradle\PinWiDemo\AndroidManifest.xml:42:22-79
uses-permission#com.oppo.launcher.permission.WRITE_SETTINGS
ADDED from PinWiGradle\PinWiDemo\AndroidManifest.xml:43:5-83
	android:name
		ADDED from PinWiGradle\PinWiDemo\AndroidManifest.xml:43:22-80
uses-permission#com.android.vending.BILLING
ADDED from PinWiGradle\PinWiDemo\AndroidManifest.xml:45:5-67
	android:name
		ADDED from PinWiGradle\PinWiDemo\AndroidManifest.xml:45:22-64
uses-permission#android.permission.INTERNET
ADDED from PinWiGradle\PinWiDemo\AndroidManifest.xml:46:5-67
MERGED from [com.google.android.gms:play-services-gcm:10.0.1] AndroidManifest.xml:21:5-66
MERGED from [com.google.android.gms:play-services-iid:10.0.1] AndroidManifest.xml:21:5-66
MERGED from [com.google.android.gms:play-services-analytics:10.0.1] AndroidManifest.xml:20:5-66
MERGED from [com.google.android.gms:play-services-analytics-impl:10.0.1] AndroidManifest.xml:20:5-66
MERGED from [com.google.android.gms:play-services-analytics-impl:10.0.1] AndroidManifest.xml:20:5-66
MERGED from [com.google.firebase:firebase-analytics:10.0.1] AndroidManifest.xml:20:5-66
MERGED from [com.google.firebase:firebase-analytics-impl:10.0.1] AndroidManifest.xml:20:5-66
MERGED from [com.google.firebase:firebase-iid:10.0.1] AndroidManifest.xml:20:5-66
	android:name
		ADDED from PinWiGradle\PinWiDemo\AndroidManifest.xml:46:22-64
uses-permission#android.permission.ACCESS_NETWORK_STATE
ADDED from PinWiGradle\PinWiDemo\AndroidManifest.xml:47:5-79
MERGED from [com.google.android.gms:play-services-analytics:10.0.1] AndroidManifest.xml:21:5-78
MERGED from [com.google.android.gms:play-services-analytics-impl:10.0.1] AndroidManifest.xml:21:5-78
MERGED from [com.google.android.gms:play-services-analytics-impl:10.0.1] AndroidManifest.xml:21:5-78
MERGED from [com.google.firebase:firebase-analytics:10.0.1] AndroidManifest.xml:21:5-78
MERGED from [com.google.firebase:firebase-analytics-impl:10.0.1] AndroidManifest.xml:21:5-78
MERGED from [com.google.firebase:firebase-iid:10.0.1] AndroidManifest.xml:19:5-78
	android:name
		ADDED from PinWiGradle\PinWiDemo\AndroidManifest.xml:47:22-76
uses-permission#android.permission.CAMERA
ADDED from PinWiGradle\PinWiDemo\AndroidManifest.xml:48:5-65
	android:name
		ADDED from PinWiGradle\PinWiDemo\AndroidManifest.xml:48:22-62
uses-permission#android.permission.RECORD_AUDIO
ADDED from PinWiGradle\PinWiDemo\AndroidManifest.xml:49:5-71
	android:name
		ADDED from PinWiGradle\PinWiDemo\AndroidManifest.xml:49:22-68
uses-feature#android.hardware.camera
ADDED from PinWiGradle\PinWiDemo\AndroidManifest.xml:51:5-60
	android:name
		ADDED from PinWiGradle\PinWiDemo\AndroidManifest.xml:51:19-57
uses-permission#android.permission.WRITE_EXTERNAL_STORAGE
ADDED from PinWiGradle\PinWiDemo\AndroidManifest.xml:53:5-81
	android:name
		ADDED from PinWiGradle\PinWiDemo\AndroidManifest.xml:53:22-78
uses-permission#android.permission.WRITE_SETTINGS
ADDED from PinWiGradle\PinWiDemo\AndroidManifest.xml:54:5-73
	android:name
		ADDED from PinWiGradle\PinWiDemo\AndroidManifest.xml:54:22-70
uses-permission#android.permission.WAKE_LOCK
ADDED from PinWiGradle\PinWiDemo\AndroidManifest.xml:56:5-68
MERGED from [com.google.android.gms:play-services-analytics:10.0.1] AndroidManifest.xml:24:5-67
MERGED from [com.google.android.gms:play-services-analytics-impl:10.0.1] AndroidManifest.xml:24:5-67
MERGED from [com.google.android.gms:play-services-analytics-impl:10.0.1] AndroidManifest.xml:24:5-67
MERGED from [com.google.firebase:firebase-analytics:10.0.1] AndroidManifest.xml:22:5-67
MERGED from [com.google.firebase:firebase-analytics-impl:10.0.1] AndroidManifest.xml:22:5-67
MERGED from [com.google.firebase:firebase-iid:10.0.1] AndroidManifest.xml:21:5-67
	android:name
		ADDED from PinWiGradle\PinWiDemo\AndroidManifest.xml:56:22-65
permission#com.hatchtact.pinwi.permission.C2D_MESSAGE
ADDED from PinWiGradle\PinWiDemo\AndroidManifest.xml:58:5-60:47
MERGED from [com.google.firebase:firebase-iid:10.0.1] AndroidManifest.xml:24:5-109
	android:protectionLevel
		ADDED from PinWiGradle\PinWiDemo\AndroidManifest.xml:60:9-44
	android:name
		ADDED from PinWiGradle\PinWiDemo\AndroidManifest.xml:59:9-66
uses-permission#com.hatchtact.pinwi.permission.C2D_MESSAGE
ADDED from PinWiGradle\PinWiDemo\AndroidManifest.xml:62:5-82
MERGED from [com.google.firebase:firebase-iid:10.0.1] AndroidManifest.xml:26:5-78
	android:name
		ADDED from PinWiGradle\PinWiDemo\AndroidManifest.xml:62:22-79
uses-permission#com.google.android.c2dm.permission.RECEIVE
ADDED from PinWiGradle\PinWiDemo\AndroidManifest.xml:63:5-82
MERGED from [com.google.android.gms:play-services-gcm:10.0.1] AndroidManifest.xml:20:5-81
MERGED from [com.google.android.gms:play-services-iid:10.0.1] AndroidManifest.xml:20:5-81
MERGED from [com.google.firebase:firebase-iid:10.0.1] AndroidManifest.xml:22:5-81
	android:name
		ADDED from PinWiGradle\PinWiDemo\AndroidManifest.xml:63:22-79
uses-permission#android.permission.VIBRATE
ADDED from PinWiGradle\PinWiDemo\AndroidManifest.xml:64:5-66
	android:name
		ADDED from PinWiGradle\PinWiDemo\AndroidManifest.xml:64:22-63
uses-feature#0x00020000
ADDED from PinWiGradle\PinWiDemo\AndroidManifest.xml:67:5-69:35
	android:glEsVersion
		ADDED from PinWiGradle\PinWiDemo\AndroidManifest.xml:68:9-41
	android:required
		ADDED from PinWiGradle\PinWiDemo\AndroidManifest.xml:69:9-32
application
ADDED from PinWiGradle\PinWiDemo\AndroidManifest.xml:71:5-356:19
MERGED from [PinWiGradle:android-support-v7-appcompat:unspecified] AndroidManifest.xml:22:5-20
MERGED from [com.google.android.gms:play-services-gcm:10.0.1] AndroidManifest.xml:23:5-19
MERGED from [com.google.android.gms:play-services-base:10.0.1] AndroidManifest.xml:18:5-20:19
MERGED from [com.google.android.gms:play-services-basement:10.0.1] AndroidManifest.xml:19:5-21:19
MERGED from [com.android.support:support-v4:24.0.0] AndroidManifest.xml:25:5-20
MERGED from [com.google.android.gms:play-services-tasks:10.0.1] AndroidManifest.xml:4:5-19
MERGED from [com.google.android.gms:play-services-basement:10.0.1] AndroidManifest.xml:19:5-21:19
MERGED from [com.android.support:support-v4:24.0.0] AndroidManifest.xml:25:5-20
MERGED from [com.google.android.gms:play-services-basement:10.0.1] AndroidManifest.xml:19:5-21:19
MERGED from [com.android.support:support-v4:24.0.0] AndroidManifest.xml:25:5-20
MERGED from [com.google.android.gms:play-services-iid:10.0.1] AndroidManifest.xml:23:5-19
MERGED from [com.google.android.gms:play-services-base:10.0.1] AndroidManifest.xml:18:5-20:19
MERGED from [com.google.android.gms:play-services-basement:10.0.1] AndroidManifest.xml:19:5-21:19
MERGED from [com.android.support:support-v4:24.0.0] AndroidManifest.xml:25:5-20
MERGED from [com.google.android.gms:play-services-tasks:10.0.1] AndroidManifest.xml:4:5-19
MERGED from [com.google.android.gms:play-services-basement:10.0.1] AndroidManifest.xml:19:5-21:19
MERGED from [com.android.support:support-v4:24.0.0] AndroidManifest.xml:25:5-20
MERGED from [com.google.android.gms:play-services-basement:10.0.1] AndroidManifest.xml:19:5-21:19
MERGED from [com.android.support:support-v4:24.0.0] AndroidManifest.xml:25:5-20
MERGED from [com.google.android.gms:play-services-analytics:10.0.1] AndroidManifest.xml:26:5-19
MERGED from [com.google.android.gms:play-services-analytics-impl:10.0.1] AndroidManifest.xml:26:5-19
MERGED from [com.google.android.gms:play-services-base:10.0.1] AndroidManifest.xml:18:5-20:19
MERGED from [com.google.android.gms:play-services-basement:10.0.1] AndroidManifest.xml:19:5-21:19
MERGED from [com.android.support:support-v4:24.0.0] AndroidManifest.xml:25:5-20
MERGED from [com.google.android.gms:play-services-tasks:10.0.1] AndroidManifest.xml:4:5-19
MERGED from [com.google.android.gms:play-services-basement:10.0.1] AndroidManifest.xml:19:5-21:19
MERGED from [com.android.support:support-v4:24.0.0] AndroidManifest.xml:25:5-20
MERGED from [com.google.android.gms:play-services-basement:10.0.1] AndroidManifest.xml:19:5-21:19
MERGED from [com.android.support:support-v4:24.0.0] AndroidManifest.xml:25:5-20
MERGED from [com.google.android.gms:play-services-base:10.0.1] AndroidManifest.xml:18:5-20:19
MERGED from [com.google.android.gms:play-services-basement:10.0.1] AndroidManifest.xml:19:5-21:19
MERGED from [com.android.support:support-v4:24.0.0] AndroidManifest.xml:25:5-20
MERGED from [com.google.android.gms:play-services-tasks:10.0.1] AndroidManifest.xml:4:5-19
MERGED from [com.google.android.gms:play-services-basement:10.0.1] AndroidManifest.xml:19:5-21:19
MERGED from [com.android.support:support-v4:24.0.0] AndroidManifest.xml:25:5-20
MERGED from [com.google.android.gms:play-services-basement:10.0.1] AndroidManifest.xml:19:5-21:19
MERGED from [com.android.support:support-v4:24.0.0] AndroidManifest.xml:25:5-20
MERGED from [com.google.android.gms:play-services-tagmanager-v4-impl:10.0.1] AndroidManifest.xml:19:5-19
MERGED from [com.google.android.gms:play-services-analytics-impl:10.0.1] AndroidManifest.xml:26:5-19
MERGED from [com.google.android.gms:play-services-base:10.0.1] AndroidManifest.xml:18:5-20:19
MERGED from [com.google.android.gms:play-services-basement:10.0.1] AndroidManifest.xml:19:5-21:19
MERGED from [com.android.support:support-v4:24.0.0] AndroidManifest.xml:25:5-20
MERGED from [com.google.android.gms:play-services-tasks:10.0.1] AndroidManifest.xml:4:5-19
MERGED from [com.google.android.gms:play-services-basement:10.0.1] AndroidManifest.xml:19:5-21:19
MERGED from [com.android.support:support-v4:24.0.0] AndroidManifest.xml:25:5-20
MERGED from [com.google.android.gms:play-services-basement:10.0.1] AndroidManifest.xml:19:5-21:19
MERGED from [com.android.support:support-v4:24.0.0] AndroidManifest.xml:25:5-20
MERGED from [com.google.android.gms:play-services-base:10.0.1] AndroidManifest.xml:18:5-20:19
MERGED from [com.google.android.gms:play-services-basement:10.0.1] AndroidManifest.xml:19:5-21:19
MERGED from [com.android.support:support-v4:24.0.0] AndroidManifest.xml:25:5-20
MERGED from [com.google.android.gms:play-services-tasks:10.0.1] AndroidManifest.xml:4:5-19
MERGED from [com.google.android.gms:play-services-basement:10.0.1] AndroidManifest.xml:19:5-21:19
MERGED from [com.android.support:support-v4:24.0.0] AndroidManifest.xml:25:5-20
MERGED from [com.google.android.gms:play-services-basement:10.0.1] AndroidManifest.xml:19:5-21:19
MERGED from [com.android.support:support-v4:24.0.0] AndroidManifest.xml:25:5-20
MERGED from [com.google.firebase:firebase-core:10.0.1] AndroidManifest.xml:5:5-20
MERGED from [com.google.firebase:firebase-analytics:10.0.1] AndroidManifest.xml:24:5-33:19
MERGED from [com.google.android.gms:play-services-basement:10.0.1] AndroidManifest.xml:19:5-21:19
MERGED from [com.android.support:support-v4:24.0.0] AndroidManifest.xml:25:5-20
MERGED from [com.google.firebase:firebase-common:10.0.1] AndroidManifest.xml:4:5-7:19
MERGED from [com.google.android.gms:play-services-basement:10.0.1] AndroidManifest.xml:19:5-21:19
MERGED from [com.android.support:support-v4:24.0.0] AndroidManifest.xml:25:5-20
MERGED from [com.google.android.gms:play-services-tasks:10.0.1] AndroidManifest.xml:4:5-19
MERGED from [com.google.android.gms:play-services-basement:10.0.1] AndroidManifest.xml:19:5-21:19
MERGED from [com.android.support:support-v4:24.0.0] AndroidManifest.xml:25:5-20
MERGED from [com.google.firebase:firebase-analytics-impl:10.0.1] AndroidManifest.xml:24:5-28:19
MERGED from [com.google.android.gms:play-services-basement:10.0.1] AndroidManifest.xml:19:5-21:19
MERGED from [com.android.support:support-v4:24.0.0] AndroidManifest.xml:25:5-20
MERGED from [com.google.firebase:firebase-iid:10.0.1] AndroidManifest.xml:28:5-50:19
MERGED from [com.google.android.gms:play-services-basement:10.0.1] AndroidManifest.xml:19:5-21:19
MERGED from [com.android.support:support-v4:24.0.0] AndroidManifest.xml:25:5-20
MERGED from [com.google.firebase:firebase-common:10.0.1] AndroidManifest.xml:4:5-7:19
MERGED from [com.google.android.gms:play-services-basement:10.0.1] AndroidManifest.xml:19:5-21:19
MERGED from [com.android.support:support-v4:24.0.0] AndroidManifest.xml:25:5-20
MERGED from [com.google.android.gms:play-services-tasks:10.0.1] AndroidManifest.xml:4:5-19
MERGED from [com.google.android.gms:play-services-basement:10.0.1] AndroidManifest.xml:19:5-21:19
MERGED from [com.android.support:support-v4:24.0.0] AndroidManifest.xml:25:5-20
MERGED from [com.google.firebase:firebase-common:10.0.1] AndroidManifest.xml:4:5-7:19
MERGED from [com.google.android.gms:play-services-basement:10.0.1] AndroidManifest.xml:19:5-21:19
MERGED from [com.android.support:support-v4:24.0.0] AndroidManifest.xml:25:5-20
MERGED from [com.google.android.gms:play-services-tasks:10.0.1] AndroidManifest.xml:4:5-19
MERGED from [com.google.android.gms:play-services-basement:10.0.1] AndroidManifest.xml:19:5-21:19
MERGED from [com.android.support:support-v4:24.0.0] AndroidManifest.xml:25:5-20
MERGED from [com.facebook.android:facebook-android-sdk:4.0.0] AndroidManifest.xml:28:5-20
MERGED from [com.android.support:support-v4:24.0.0] AndroidManifest.xml:25:5-20
MERGED from [com.android.support:support-v4:24.0.0] AndroidManifest.xml:25:5-20
	android:screenOrientation
		ADDED from PinWiGradle\PinWiDemo\AndroidManifest.xml:77:9-45
	android:label
		ADDED from PinWiGradle\PinWiDemo\AndroidManifest.xml:75:9-41
	android:allowBackup
		ADDED from PinWiGradle\PinWiDemo\AndroidManifest.xml:73:9-35
	android:icon
		ADDED from PinWiGradle\PinWiDemo\AndroidManifest.xml:74:9-42
	android:largeHeap
		ADDED from PinWiGradle\PinWiDemo\AndroidManifest.xml:76:9-33
	android:theme
		ADDED from PinWiGradle\PinWiDemo\AndroidManifest.xml:78:9-40
	android:name
		ADDED from PinWiGradle\PinWiDemo\AndroidManifest.xml:72:9-41
activity#com.hatchtact.pinwi.SplashActivity
ADDED from PinWiGradle\PinWiDemo\AndroidManifest.xml:79:9-89:20
	android:screenOrientation
		ADDED from PinWiGradle\PinWiDemo\AndroidManifest.xml:82:13-49
	android:label
		ADDED from PinWiGradle\PinWiDemo\AndroidManifest.xml:81:13-45
	android:theme
		ADDED from PinWiGradle\PinWiDemo\AndroidManifest.xml:83:13-44
	android:name
		ADDED from PinWiGradle\PinWiDemo\AndroidManifest.xml:80:13-62
intent-filter#android.intent.action.MAIN+android.intent.category.LAUNCHER
ADDED from PinWiGradle\PinWiDemo\AndroidManifest.xml:84:13-88:29
action#android.intent.action.MAIN
ADDED from PinWiGradle\PinWiDemo\AndroidManifest.xml:85:17-69
	android:name
		ADDED from PinWiGradle\PinWiDemo\AndroidManifest.xml:85:25-66
category#android.intent.category.LAUNCHER
ADDED from PinWiGradle\PinWiDemo\AndroidManifest.xml:87:17-77
	android:name
		ADDED from PinWiGradle\PinWiDemo\AndroidManifest.xml:87:27-74
provider#com.hatchtact.pinwi.calendar.CalendarProvider
ADDED from PinWiGradle\PinWiDemo\AndroidManifest.xml:91:9-93:83
	android:authorities
		ADDED from PinWiGradle\PinWiDemo\AndroidManifest.xml:93:13-80
	android:name
		ADDED from PinWiGradle\PinWiDemo\AndroidManifest.xml:92:13-73
activity#com.hatchtact.pinwi.SignUpActivity
ADDED from PinWiGradle\PinWiDemo\AndroidManifest.xml:95:9-97:52
	android:screenOrientation
		ADDED from PinWiGradle\PinWiDemo\AndroidManifest.xml:97:13-49
	android:name
		ADDED from PinWiGradle\PinWiDemo\AndroidManifest.xml:96:13-62
activity#com.hatchtact.pinwi.LoginActivity
ADDED from PinWiGradle\PinWiDemo\AndroidManifest.xml:98:9-100:52
	android:screenOrientation
		ADDED from PinWiGradle\PinWiDemo\AndroidManifest.xml:100:13-49
	android:name
		ADDED from PinWiGradle\PinWiDemo\AndroidManifest.xml:99:13-61
activity#com.hatchtact.pinwi.ParentRegistrationActivity
ADDED from PinWiGradle\PinWiDemo\AndroidManifest.xml:101:9-104:50
	android:screenOrientation
		ADDED from PinWiGradle\PinWiDemo\AndroidManifest.xml:103:13-49
	android:theme
		ADDED from PinWiGradle\PinWiDemo\AndroidManifest.xml:104:13-47
	android:name
		ADDED from PinWiGradle\PinWiDemo\AndroidManifest.xml:102:13-74
activity#com.hatchtact.pinwi.ConfirmationActivity
ADDED from PinWiGradle\PinWiDemo\AndroidManifest.xml:105:9-108:50
	android:screenOrientation
		ADDED from PinWiGradle\PinWiDemo\AndroidManifest.xml:107:13-49
	android:theme
		ADDED from PinWiGradle\PinWiDemo\AndroidManifest.xml:108:13-47
	android:name
		ADDED from PinWiGradle\PinWiDemo\AndroidManifest.xml:106:13-68
activity#com.hatchtact.pinwi.ChildRegistrationActivity
ADDED from PinWiGradle\PinWiDemo\AndroidManifest.xml:109:9-112:50
	android:screenOrientation
		ADDED from PinWiGradle\PinWiDemo\AndroidManifest.xml:111:13-49
	android:theme
		ADDED from PinWiGradle\PinWiDemo\AndroidManifest.xml:112:13-47
	android:name
		ADDED from PinWiGradle\PinWiDemo\AndroidManifest.xml:110:13-73
activity#com.hatchtact.pinwi.AllyRegistrationActivity
ADDED from PinWiGradle\PinWiDemo\AndroidManifest.xml:113:9-116:60
	android:screenOrientation
		ADDED from PinWiGradle\PinWiDemo\AndroidManifest.xml:115:13-49
	android:theme
		ADDED from PinWiGradle\PinWiDemo\AndroidManifest.xml:116:13-57
	android:name
		ADDED from PinWiGradle\PinWiDemo\AndroidManifest.xml:114:13-72
activity#com.hatchtact.pinwi.GetStartedActivity
ADDED from PinWiGradle\PinWiDemo\AndroidManifest.xml:117:9-120:60
	android:screenOrientation
		ADDED from PinWiGradle\PinWiDemo\AndroidManifest.xml:119:13-49
	android:theme
		ADDED from PinWiGradle\PinWiDemo\AndroidManifest.xml:120:13-57
	android:name
		ADDED from PinWiGradle\PinWiDemo\AndroidManifest.xml:118:13-66
activity#com.hatchtact.pinwi.ChildListFreeActivity
ADDED from PinWiGradle\PinWiDemo\AndroidManifest.xml:121:9-124:60
	android:screenOrientation
		ADDED from PinWiGradle\PinWiDemo\AndroidManifest.xml:123:13-49
	android:theme
		ADDED from PinWiGradle\PinWiDemo\AndroidManifest.xml:124:13-57